[0m17:46:39.137276 [debug] [MainThread]: Sending event: {'category': 'dbt', 'action': 'invocation', 'label': 'start', 'context': [<snowplow_tracker.self_describing_json.SelfDescribingJson object at 0x75e5ab92f560>, <snowplow_tracker.self_describing_json.SelfDescribingJson object at 0x75e5acc90dd0>, <snowplow_tracker.self_describing_json.SelfDescribingJson object at 0x75e5a9c554c0>]}


============================== 17:46:39.142856 | 633c932e-ee75-433a-9c83-37ad26d91790 ==============================
[0m17:46:39.142856 [info ] [MainThread]: Running with dbt=1.9.1
[0m17:46:39.144310 [debug] [MainThread]: running dbt with arguments {'printer_width': '80', 'indirect_selection': 'eager', 'log_cache_events': 'False', 'write_json': 'True', 'partial_parse': 'True', 'cache_selected_only': 'False', 'profiles_dir': '/home/codespace/.dbt', 'version_check': 'True', 'fail_fast': 'False', 'log_path': 'logs', 'debug': 'False', 'warn_error': 'None', 'use_colors': 'True', 'use_experimental_parser': 'False', 'empty': 'None', 'quiet': 'False', 'no_print': 'None', 'warn_error_options': 'WarnErrorOptions(include=[], exclude=[])', 'static_parser': 'True', 'introspect': 'True', 'invocation_command': 'dbt init', 'target_path': 'None', 'log_format': 'default', 'send_anonymous_usage_stats': 'True'}
[0m17:46:39.157599 [warn ] [MainThread]: [ConfigFolderDirectory]: Unable to parse logging event dictionary. Failed to parse dir field: expected string or bytes-like object, got 'PosixPath'.. Dictionary: {'dir': PosixPath('/home/codespace/.dbt')}
[0m17:46:39.158167 [info ] [MainThread]: Creating dbt configuration folder at 
[0m17:47:16.944986 [debug] [MainThread]: Starter project path: /usr/local/python/3.12.1/lib/python3.12/site-packages/dbt/include/starter_project
[0m17:47:16.950526 [info ] [MainThread]: 
Your new dbt project "dbt_course" was created!

For more information on how to configure the profiles.yml file,
please consult the dbt documentation here:

  https://docs.getdbt.com/docs/configure-your-profile

One more thing:

Need help? Don't hesitate to reach out to us via GitHub issues or on Slack:

  https://community.getdbt.com/

Happy modeling!

[0m17:47:16.951443 [info ] [MainThread]: Setting up your profile.
[0m17:49:27.933435 [info ] [MainThread]: Profile dbt_course written to /home/codespace/.dbt/profiles.yml using target's profile_template.yml and your supplied values. Run 'dbt debug' to validate the connection.
[0m17:49:27.936900 [debug] [MainThread]: Resource report: {"command_name": "init", "command_success": true, "command_wall_clock_time": 168.87488, "process_in_blocks": "472", "process_kernel_time": 0.206878, "process_mem_max_rss": "149148", "process_out_blocks": "88", "process_user_time": 1.842924}
[0m17:49:27.937884 [debug] [MainThread]: Command `dbt init` succeeded at 17:49:27.937741 after 168.88 seconds
[0m17:49:27.938417 [debug] [MainThread]: Sending event: {'category': 'dbt', 'action': 'invocation', 'label': 'end', 'context': [<snowplow_tracker.self_describing_json.SelfDescribingJson object at 0x75e5a9af63c0>, <snowplow_tracker.self_describing_json.SelfDescribingJson object at 0x75e5ad20bbf0>, <snowplow_tracker.self_describing_json.SelfDescribingJson object at 0x75e59f27a420>]}
[0m17:49:27.939242 [debug] [MainThread]: Flushing usage events
[0m17:49:28.295365 [debug] [MainThread]: An error was encountered while trying to flush usage events
